[Licensing::Module] Trying to connect to existing licensing client channel...
Built from '6000.2/respin/6000.2.6f2-cc51a95c03' branch; Version is '6000.2.6f2 (4a4dcaec6541) revision 4869578'; Using compiler version '194234433'; Build Type 'Release'
OS: 'Windows 11  (10.0.22631) 64bit Core' Language: 'en' Physical Memory: 16069 MB
BatchMode: 1, IsHumanControllingUs: 0, StartBugReporterOnCrash: 0, Is64bit: 1
Date: 2026-03-06T21:33:33Z

COMMAND LINE ARGUMENTS:
C:\Program Files\Unity\Hub\Editor\6000.2.6f2\Editor\Unity.exe
-adb2
-batchMode
-noUpm
-name
AssetImportWorker1
-projectPath
C:/Users/andel/OneDrive/Desktop/George Brown College/Due/GAME1017_LE3_MaddexAndella
-logFile
Logs/AssetImportWorker1.log
-srvPort
60196
-licensingIpc
LicenseClient-andel
-job-worker-count
5
-background-job-worker-count
8
-gc-helper-count
1
-name
AssetImport
Successfully changed project path to: C:/Users/andel/OneDrive/Desktop/George Brown College/Due/GAME1017_LE3_MaddexAndella
C:/Users/andel/OneDrive/Desktop/George Brown College/Due/GAME1017_LE3_MaddexAndella
[UnityMemory] Configuration Parameters - Can be set up in boot.config
[Licensing::IpcConnector] Successfully connected to: "LicenseClient-andel" at "2026-03-06T21:33:33.370507Z"
    "memorysetup-allocator-temp-initial-block-size-main=262144"
    "memorysetup-allocator-temp-initial-block-size-worker=262144"
    "memorysetup-bucket-allocator-granularity=16"
    "memorysetup-bucket-allocator-bucket-count=8"
    "memorysetup-bucket-allocator-block-size=33554432"
    "memorysetup-bucket-allocator-block-count=8"
    "memorysetup-main-allocator-block-size=16777216"
    "memorysetup-thread-allocator-block-size=16777216"
    "memorysetup-gfx-main-allocator-block-size=16777216"
    "memorysetup-gfx-thread-allocator-block-size=16777216"
    "memorysetup-cache-allocator-block-size=4194304"
    "memorysetup-typetree-allocator-block-size=2097152"
    "memorysetup-profiler-bucket-allocator-granularity=16"
    "memorysetup-profiler-bucket-allocator-bucket-count=8"
    "memorysetup-profiler-bucket-allocator-block-size=33554432"
    "memorysetup-profiler-bucket-allocator-block-count=8"
    "memorysetup-profiler-allocator-block-size=16777216"
    "memorysetup-profiler-editor-allocator-block-size=1048576"
    "memorysetup-temp-allocator-size-main=16777216"
    "memorysetup-job-temp-allocator-block-size=2097152"
    "memorysetup-job-temp-allocator-block-size-background=1048576"
    "memorysetup-job-temp-allocator-reduction-small-platforms=262144"
    "memorysetup-temp-allocator-size-background-worker=32768"
    "memorysetup-temp-allocator-size-job-worker=262144"
    "memorysetup-temp-allocator-size-preload-manager=33554432"
    "memorysetup-temp-allocator-size-nav-mesh-worker=65536"
    "memorysetup-temp-allocator-size-audio-worker=65536"
    "memorysetup-temp-allocator-size-cloud-worker=32768"
    "memorysetup-temp-allocator-size-gi-baking-worker=262144"
    "memorysetup-temp-allocator-size-gi-baking-worker=262144"
    "memorysetup-temp-allocator-size-gi-baking-worker=262144"
    "memorysetup-temp-allocator-size-gi-baking-worker=262144"
    "memorysetup-temp-allocator-size-gi-baking-worker=262144"
    "memorysetup-temp-allocator-size-gfx=262144"
Player connection [34448]  Target information:

Player connection [34448]  * "[IP] 192.168.0.148 [Port] 0 [Flags] 2 [Guid] 343370590 [EditorId] 343370590 [Version] 1048832 [Id] WindowsEditor(7,Rivendell) [Debug] 1 [PackageName] WindowsEditor [ProjectName] Editor" 

Player connection [34448] Host joined multi-casting on [225.0.0.222:54997]...
Player connection [34448] Host joined alternative multi-casting on [225.0.0.222:34997]...
JobSystem: Creating JobQueue using job-worker-count value 5
Input System module state changed to: Initialized.
[Physics::Module] Initialized fallback backend.
[Physics::Module] Id: 0xdecafbad
[Licensing::Client] Code 10 while verifying Licensing Client signature (process Id: 22584, path: "C:/Program Files/Unity Hub/UnityLicensingClient_V1/Unity.Licensing.Client.exe")
[Licensing::Module] LicensingClient has failed validation; ignoring
[Licensing::Client] Handshaking with LicensingClient:
  Version:                 1.17.4+4293ba1
  Session Id:              5b4a1604954c496086d0032f5b9e99c9
  Correlation Id:          1b38e0a05c1dfdd8ba83f9269e87957a
  External correlation Id: 8766709351647106849
  Machine Id:              U+AvGE+szypa7HdIcTxEuhvhiFo=
[Licensing::Module] Successfully connected to LicensingClient on channel: "LicenseClient-andel" (connect: 0.01s, validation: 0.00s, handshake: 0.10s)
[Licensing::IpcConnector] Successfully connected to: "LicenseClient-andel-notifications" at "2026-03-06T21:33:33.4770086Z"
[Licensing::Module] Licensing Background thread has ended after 0.12s
Library Redirect Path: Library/
[Physics::Module] Selected backend.
[Physics::Module] Name: PhysX
[Physics::Module] Id: 0xf2b8ea05
[Physics::Module] SDK Version: 4.1.2
[Physics::Module] Integration Version: 1.0.0
[Physics::Module] Threading Mode: Multi-Threaded
Refreshing native plugins compatible for Editor in 22.07 ms, found 4 plugins.
Preloading 0 native plugins for Editor in 0.00 ms.
Initialize engine version: 6000.2.6f2 (4a4dcaec6541)
[Subsystems] Discovering subsystems at path C:/Program Files/Unity/Hub/Editor/6000.2.6f2/Editor/Data/Resources/UnitySubsystems
[Subsystems] Discovering subsystems at path C:/Users/andel/OneDrive/Desktop/George Brown College/Due/GAME1017_LE3_MaddexAndella/Assets
GfxDevice: creating device client; kGfxThreadingModeNonThreaded
d3d12: failed to query info queue interface (0x80004002).
Direct3D:
    Version:         Direct3D 12 [level 12.1]
    Renderer:        Intel(R) Iris(R) Xe Graphics (ID=0x46a8)
    Vendor:          Intel
    VRAM:            8034 MB
    App VRAM Budget: 7377 MB
    Driver:          31.0.101.4255
    Unified Memory Architecture
    Cache Coherent UMA
Initialize mono
Mono path[0] = 'C:/Program Files/Unity/Hub/Editor/6000.2.6f2/Editor/Data/Managed'
Mono path[1] = 'C:/Program Files/Unity/Hub/Editor/6000.2.6f2/Editor/Data/MonoBleedingEdge/lib/mono/unityjit-win32'
Mono config path = 'C:/Program Files/Unity/Hub/Editor/6000.2.6f2/Editor/Data/MonoBleedingEdge/etc'
Using monoOptions --debugger-agent=transport=dt_socket,embedding=1,server=y,suspend=n,address=127.0.0.1:56512
Begin MonoManager ReloadAssembly
Registering precompiled unity dll's ...
Register platform support module: C:/Program Files/Unity/Hub/Editor/6000.2.6f2/Editor/Data/PlaybackEngines/WebGLSupport/UnityEditor.WebGL.Extensions.dll
Register platform support module: C:/Program Files/Unity/Hub/Editor/6000.2.6f2/Editor/Data/PlaybackEngines/MacStandaloneSupport/UnityEditor.OSXStandalone.Extensions.dll
[Licensing::Client] Successfully resolved entitlement details
[Licensing::Module] License group:
  Id: 3574353703954-UnityPersXXXX
  Product: Unity Personal
  Type: Assigned
  Expiration: Unlimited
Register platform support module: C:/Program Files/Unity/Hub/Editor/6000.2.6f2/Editor/Data/PlaybackEngines/VisionOSPlayer/UnityEditor.VisionOS.Extensions.dll
Register platform support module: C:/Program Files/Unity/Hub/Editor/6000.2.6f2/Editor/Data/PlaybackEngines/WindowsStandaloneSupport/UnityEditor.WindowsStandalone.Extensions.dll
[Licensing::Client] Successfully resolved entitlement details
Register platform support module: C:/Program Files/Unity/Hub/Editor/6000.2.6f2/Editor/Data/PlaybackEngines/MetroSupport/UnityEditor.UWP.Extensions.dll
[Licensing::Client] Successfully resolved entitlement details
Register platform support module: C:/Program Files/Unity/Hub/Editor/6000.2.6f2/Editor/Data/PlaybackEngines/AndroidPlayer/UnityEditor.Android.Extensions.dll
Register platform support module: C:/Program Files/Unity/Hub/Editor/6000.2.6f2/Editor/Data/PlaybackEngines/iOSSupport/UnityEditor.iOS.Extensions.dll
Register platform support module: C:/Program Files/Unity/Hub/Editor/6000.2.6f2/Editor/Data/PlaybackEngines/AppleTVSupport/UnityEditor.AppleTV.Extensions.dll
Register platform support module: C:/Program Files/Unity/Hub/Editor/6000.2.6f2/Editor/Data/PlaybackEngines/LinuxStandaloneSupport/UnityEditor.LinuxStandalone.Extensions.dll
Registered in 0.055082 seconds.
- Loaded All Assemblies, in  1.192 seconds
Native extension for LinuxStandalone target not found
[usbmuxd] Start listen thread
[usbmuxd] Listen thread started
Native extension for AppleTV target not found
[usbmuxd] Start listen thread
[usbmuxd] Listen thread started
Native extension for iOS target not found
Native extension for Android target not found
Android Extension - Scanning For ADB Devices 845 ms
Native extension for UWP target not found
Native extension for WindowsStandalone target not found
Failed to load: C:/Program Files/Unity/Hub/Editor/6000.2.6f2/Editor/Data/PlaybackEngines/VisionOSPlayer\x64\UnityEditor.VisionOS.Native.dll
Native extension for VisionOS target not found
Native extension for OSXStandalone target not found
Native extension for WebGL target not found
Mono: successfully reloaded assembly
- Finished resetting the current domain, in  2.416 seconds
Domain Reload Profiling: 3601ms
	BeginReloadAssembly (363ms)
		ExecutionOrderSort (0ms)
		DisableScriptedObjects (0ms)
		BackupInstance (0ms)
		ReleaseScriptingObjects (0ms)
		CreateAndSetChildDomain (1ms)
	RebuildCommonClasses (79ms)
	RebuildNativeTypeToScriptingClass (27ms)
	initialDomainReloadingComplete (187ms)
	LoadAllAssembliesAndSetupDomain (528ms)
		LoadAssemblies (374ms)
		RebuildTransferFunctionScriptingTraits (0ms)
		AnalyzeDomain (506ms)
			TypeCache.Refresh (503ms)
				TypeCache.ScanAssembly (459ms)
			BuildScriptInfoCaches (0ms)
			ResolveRequiredComponents (1ms)
	FinalizeReload (2417ms)
		ReleaseScriptCaches (0ms)
		RebuildScriptCaches (0ms)
		SetupLoadedEditorAssemblies (2282ms)
			LogAssemblyErrors (0ms)
			InitializePlatformSupportModulesInManaged (1326ms)
			SetLoadedEditorAssemblies (10ms)
			BeforeProcessingInitializeOnLoad (285ms)
			ProcessInitializeOnLoadAttributes (493ms)
			ProcessInitializeOnLoadMethodAttributes (167ms)
			AfterProcessingInitializeOnLoad (0ms)
			EditorAssembliesLoaded (0ms)
		ExecutionOrderSort2 (0ms)
		AwakeInstancesAfterBackupRestoration (0ms)
========================================================================
Worker process is ready to serve import requests
Import Worker Mode flag is 0x00
Begin MonoManager ReloadAssembly
[Licensing::Client] Successfully resolved entitlement details
- Loaded All Assemblies, in  2.765 seconds
Refreshing native plugins compatible for Editor in 8.08 ms, found 4 plugins.
Native extension for LinuxStandalone target not found
Native extension for AppleTV target not found
Native extension for iOS target not found
Native extension for Android target not found
Native extension for UWP target not found
Native extension for WindowsStandalone target not found
Failed to load: C:/Program Files/Unity/Hub/Editor/6000.2.6f2/Editor/Data/PlaybackEngines/VisionOSPlayer\x64\UnityEditor.VisionOS.Native.dll
Native extension for VisionOS target not found
Native extension for OSXStandalone target not found
Native extension for WebGL target not found
Package Manager log level set to [2]
[Package Manager] Failed to launch server process. Reason: Unity was launched with the -noUpm command-line argument
[Package Manager] Unable to send message (not connected to server process).
[Package Manager] Cannot connect to Unity Package Manager local server
Mono: successfully reloaded assembly
- Finished resetting the current domain, in  2.601 seconds
Domain Reload Profiling: 5351ms
	BeginReloadAssembly (554ms)
		ExecutionOrderSort (0ms)
		DisableScriptedObjects (21ms)
		BackupInstance (0ms)
		ReleaseScriptingObjects (0ms)
		CreateAndSetChildDomain (73ms)
	RebuildCommonClasses (106ms)
	RebuildNativeTypeToScriptingClass (32ms)
	initialDomainReloadingComplete (125ms)
	LoadAllAssembliesAndSetupDomain (1932ms)
		LoadAssemblies (1430ms)
		RebuildTransferFunctionScriptingTraits (0ms)
		AnalyzeDomain (834ms)
			TypeCache.Refresh (625ms)
				TypeCache.ScanAssembly (532ms)
			BuildScriptInfoCaches (173ms)
			ResolveRequiredComponents (28ms)
	FinalizeReload (2602ms)
		ReleaseScriptCaches (0ms)
		RebuildScriptCaches (0ms)
		SetupLoadedEditorAssemblies (2000ms)
			LogAssemblyErrors (0ms)
			InitializePlatformSupportModulesInManaged (91ms)
			SetLoadedEditorAssemblies (14ms)
			BeforeProcessingInitializeOnLoad (405ms)
			ProcessInitializeOnLoadAttributes (1087ms)
			ProcessInitializeOnLoadMethodAttributes (382ms)
			AfterProcessingInitializeOnLoad (21ms)
			EditorAssembliesLoaded (1ms)
		ExecutionOrderSort2 (0ms)
		AwakeInstancesAfterBackupRestoration (19ms)
Launched and connected shader compiler UnityShaderCompiler.exe after 0.03 seconds
Refreshing native plugins compatible for Editor in 7.68 ms, found 4 plugins.
Preloading 0 native plugins for Editor in 0.00 ms.
Unloading 14 Unused Serialized files (Serialized files now loaded: 0)
Unloading 6808 unused Assets / (5.2 MB). Loaded Objects now: 7554.
Memory consumption went from 148.4 MB to 143.2 MB.
Total: 26.356700 ms (FindLiveObjects: 1.998300 ms CreateObjectMapping: 1.544000 ms MarkObjects: 17.274500 ms  DeleteObjects: 5.536400 ms)

========================================================================
Received Prepare
Begin MonoManager ReloadAssembly
[Licensing::Client] Successfully resolved entitlement details
- Loaded All Assemblies, in  6.744 seconds
Refreshing native plugins compatible for Editor in 4.47 ms, found 4 plugins.
Native extension for LinuxStandalone target not found
Native extension for AppleTV target not found
Native extension for iOS target not found
Native extension for Android target not found
Native extension for UWP target not found
Native extension for WindowsStandalone target not found
Failed to load: C:/Program Files/Unity/Hub/Editor/6000.2.6f2/Editor/Data/PlaybackEngines/VisionOSPlayer\x64\UnityEditor.VisionOS.Native.dll
Native extension for VisionOS target not found
Native extension for OSXStandalone target not found
Native extension for WebGL target not found
[Package Manager] Failed to launch server process. Reason: Unity was launched with the -noUpm command-line argument
[Package Manager] Unable to send message (not connected to server process).
[Package Manager] Cannot connect to Unity Package Manager local server
Mono: successfully reloaded assembly
- Finished resetting the current domain, in  1.577 seconds
Domain Reload Profiling: 8344ms
	BeginReloadAssembly (2669ms)
		ExecutionOrderSort (4ms)
		DisableScriptedObjects (669ms)
		BackupInstance (0ms)
		ReleaseScriptingObjects (8ms)
		CreateAndSetChildDomain (673ms)
	RebuildCommonClasses (107ms)
	RebuildNativeTypeToScriptingClass (36ms)
	initialDomainReloadingComplete (139ms)
	LoadAllAssembliesAndSetupDomain (3815ms)
		LoadAssemblies (3376ms)
		RebuildTransferFunctionScriptingTraits (0ms)
		AnalyzeDomain (994ms)
			TypeCache.Refresh (184ms)
				TypeCache.ScanAssembly (2ms)
			BuildScriptInfoCaches (751ms)
			ResolveRequiredComponents (36ms)
	FinalizeReload (1577ms)
		ReleaseScriptCaches (0ms)
		RebuildScriptCaches (0ms)
		SetupLoadedEditorAssemblies (1260ms)
			LogAssemblyErrors (0ms)
			InitializePlatformSupportModulesInManaged (78ms)
			SetLoadedEditorAssemblies (11ms)
			BeforeProcessingInitializeOnLoad (301ms)
			ProcessInitializeOnLoadAttributes (746ms)
			ProcessInitializeOnLoadMethodAttributes (113ms)
			AfterProcessingInitializeOnLoad (11ms)
			EditorAssembliesLoaded (0ms)
		ExecutionOrderSort2 (0ms)
		AwakeInstancesAfterBackupRestoration (28ms)
Refreshing native plugins compatible for Editor in 9.36 ms, found 4 plugins.
Preloading 0 native plugins for Editor in 0.00 ms.
Unloading 14 Unused Serialized files (Serialized files now loaded: 0)
Unloading 6806 unused Assets / (5.6 MB). Loaded Objects now: 7558.
Memory consumption went from 151.4 MB to 145.8 MB.
Total: 19.351200 ms (FindLiveObjects: 0.965900 ms CreateObjectMapping: 1.158500 ms MarkObjects: 12.228600 ms  DeleteObjects: 4.725400 ms)

Prepare: number of updated asset objects reloaded= 0
========================================================================
Received Prepare
Refreshing native plugins compatible for Editor in 8.62 ms, found 4 plugins.
Preloading 0 native plugins for Editor in 0.00 ms.
Unloading 14 Unused Serialized files (Serialized files now loaded: 0)
Unloading 6795 unused Assets / (4.8 MB). Loaded Objects now: 7558.
Memory consumption went from 153.6 MB to 148.8 MB.
Total: 181.369900 ms (FindLiveObjects: 2.245800 ms CreateObjectMapping: 0.687600 ms MarkObjects: 173.052300 ms  DeleteObjects: 5.378100 ms)

Prepare: number of updated asset objects reloaded= 0
========================================================================
Received Import Request.
  Time since last request: 344766.518120 seconds.
  path: Assets/Scenes/SampleScene.unity
  artifactKey: Guid(8c9cfa26abfee488c85f1582747f6a02) Importer(2089858483,192608db42251d675da83286b1cce702)
Start importing Assets/Scenes/SampleScene.unity using Guid(8c9cfa26abfee488c85f1582747f6a02) Importer(2089858483,192608db42251d675da83286b1cce702) (ScriptedImporter) -> (artifact id: 'd8f48a565779805cbddcb9eaf0dea360') in 0.7624236 seconds
Number of updated asset objects reloaded before import = 0Number of asset objects unloaded after import = 1

========================================================================
Received Prepare
Begin MonoManager ReloadAssembly
[Licensing::Client] Successfully resolved entitlement details
- Loaded All Assemblies, in  7.392 seconds
Refreshing native plugins compatible for Editor in 10.76 ms, found 4 plugins.
Native extension for LinuxStandalone target not found
Native extension for AppleTV target not found
Native extension for iOS target not found
Native extension for Android target not found
Native extension for UWP target not found
Native extension for WindowsStandalone target not found
Failed to load: C:/Program Files/Unity/Hub/Editor/6000.2.6f2/Editor/Data/PlaybackEngines/VisionOSPlayer\x64\UnityEditor.VisionOS.Native.dll
Native extension for VisionOS target not found
Native extension for OSXStandalone target not found
Native extension for WebGL target not found
[Package Manager] Failed to launch server process. Reason: Unity was launched with the -noUpm command-line argument
[Package Manager] Unable to send message (not connected to server process).
[Package Manager] Cannot connect to Unity Package Manager local server
Mono: successfully reloaded assembly
- Finished resetting the current domain, in  1.861 seconds
Domain Reload Profiling: 9310ms
	BeginReloadAssembly (2342ms)
		ExecutionOrderSort (0ms)
		DisableScriptedObjects (189ms)
		BackupInstance (0ms)
		ReleaseScriptingObjects (31ms)
		CreateAndSetChildDomain (1158ms)
	RebuildCommonClasses (101ms)
	RebuildNativeTypeToScriptingClass (37ms)
	initialDomainReloadingComplete (247ms)
	LoadAllAssembliesAndSetupDomain (4720ms)
		LoadAssemblies (3955ms)
		RebuildTransferFunctionScriptingTraits (0ms)
		AnalyzeDomain (1239ms)
			TypeCache.Refresh (95ms)
				TypeCache.ScanAssembly (1ms)
			BuildScriptInfoCaches (998ms)
			ResolveRequiredComponents (83ms)
	FinalizeReload (1862ms)
		ReleaseScriptCaches (0ms)
		RebuildScriptCaches (0ms)
		SetupLoadedEditorAssemblies (1476ms)
			LogAssemblyErrors (0ms)
			InitializePlatformSupportModulesInManaged (71ms)
			SetLoadedEditorAssemblies (7ms)
			BeforeProcessingInitializeOnLoad (399ms)
			ProcessInitializeOnLoadAttributes (881ms)
			ProcessInitializeOnLoadMethodAttributes (107ms)
			AfterProcessingInitializeOnLoad (10ms)
			EditorAssembliesLoaded (1ms)
		ExecutionOrderSort2 (0ms)
		AwakeInstancesAfterBackupRestoration (22ms)
Refreshing native plugins compatible for Editor in 5.03 ms, found 4 plugins.
Preloading 0 native plugins for Editor in 0.00 ms.
Unloading 14 Unused Serialized files (Serialized files now loaded: 0)
Unloading 6806 unused Assets / (4.3 MB). Loaded Objects now: 7563.
Memory consumption went from 152.3 MB to 148.0 MB.
Total: 18.177400 ms (FindLiveObjects: 2.695900 ms CreateObjectMapping: 0.738900 ms MarkObjects: 11.027200 ms  DeleteObjects: 3.528200 ms)

Prepare: number of updated asset objects reloaded= 0
========================================================================
Received Prepare
Refreshing native plugins compatible for Editor in 5.91 ms, found 4 plugins.
Preloading 0 native plugins for Editor in 0.00 ms.
Unloading 14 Unused Serialized files (Serialized files now loaded: 0)
Unloading 6795 unused Assets / (3.3 MB). Loaded Objects now: 7563.
Memory consumption went from 154.4 MB to 151.2 MB.
Total: 161.894000 ms (FindLiveObjects: 3.117000 ms CreateObjectMapping: 0.551000 ms MarkObjects: 154.683500 ms  DeleteObjects: 3.536700 ms)

Prepare: number of updated asset objects reloaded= 0
========================================================================
Received Prepare
Refreshing native plugins compatible for Editor in 6.30 ms, found 4 plugins.
Preloading 0 native plugins for Editor in 0.00 ms.
Unloading 14 Unused Serialized files (Serialized files now loaded: 0)
Unloading 6795 unused Assets / (4.4 MB). Loaded Objects now: 7563.
Memory consumption went from 156.5 MB to 152.0 MB.
Total: 84.082500 ms (FindLiveObjects: 2.093200 ms CreateObjectMapping: 1.404700 ms MarkObjects: 77.031500 ms  DeleteObjects: 3.550500 ms)

Prepare: number of updated asset objects reloaded= 0
========================================================================
Received Prepare
Refreshing native plugins compatible for Editor in 8.55 ms, found 4 plugins.
Preloading 0 native plugins for Editor in 0.00 ms.
Unloading 14 Unused Serialized files (Serialized files now loaded: 0)
Unloading 6795 unused Assets / (4.9 MB). Loaded Objects now: 7563.
Memory consumption went from 158.5 MB to 153.6 MB.
Total: 20.571500 ms (FindLiveObjects: 1.634100 ms CreateObjectMapping: 1.549600 ms MarkObjects: 12.695400 ms  DeleteObjects: 4.689300 ms)

Prepare: number of updated asset objects reloaded= 0
========================================================================
Received Prepare
Refreshing native plugins compatible for Editor in 8.02 ms, found 4 plugins.
Preloading 0 native plugins for Editor in 0.00 ms.
Unloading 14 Unused Serialized files (Serialized files now loaded: 0)
Unloading 6795 unused Assets / (5.0 MB). Loaded Objects now: 7563.
Memory consumption went from 160.6 MB to 155.6 MB.
Total: 17.326300 ms (FindLiveObjects: 1.373300 ms CreateObjectMapping: 1.282900 ms MarkObjects: 10.184500 ms  DeleteObjects: 4.482800 ms)

Prepare: number of updated asset objects reloaded= 0
========================================================================
Received Prepare
Refreshing native plugins compatible for Editor in 6.34 ms, found 4 plugins.
Preloading 0 native plugins for Editor in 0.00 ms.
Unloading 14 Unused Serialized files (Serialized files now loaded: 0)
Unloading 6795 unused Assets / (4.9 MB). Loaded Objects now: 7563.
Memory consumption went from 162.6 MB to 157.6 MB.
Total: 19.677500 ms (FindLiveObjects: 1.405900 ms CreateObjectMapping: 1.648600 ms MarkObjects: 11.866900 ms  DeleteObjects: 4.753500 ms)

Prepare: number of updated asset objects reloaded= 0
========================================================================
Received Prepare
Begin MonoManager ReloadAssembly
[Licensing::Client] Successfully resolved entitlement details
- Loaded All Assemblies, in  6.812 seconds
Refreshing native plugins compatible for Editor in 7.71 ms, found 4 plugins.
Native extension for LinuxStandalone target not found
Native extension for AppleTV target not found
Native extension for iOS target not found
Native extension for Android target not found
Native extension for UWP target not found
Native extension for WindowsStandalone target not found
Failed to load: C:/Program Files/Unity/Hub/Editor/6000.2.6f2/Editor/Data/PlaybackEngines/VisionOSPlayer\x64\UnityEditor.VisionOS.Native.dll
Native extension for VisionOS target not found
Native extension for OSXStandalone target not found
Native extension for WebGL target not found
[Package Manager] Failed to launch server process. Reason: Unity was launched with the -noUpm command-line argument
[Package Manager] Unable to send message (not connected to server process).
[Package Manager] Cannot connect to Unity Package Manager local server
Mono: successfully reloaded assembly
- Finished resetting the current domain, in  2.110 seconds
Domain Reload Profiling: 8918ms
	BeginReloadAssembly (3970ms)
		ExecutionOrderSort (0ms)
		DisableScriptedObjects (330ms)
		BackupInstance (0ms)
		ReleaseScriptingObjects (2ms)
		CreateAndSetChildDomain (2081ms)
	RebuildCommonClasses (107ms)
	RebuildNativeTypeToScriptingClass (28ms)
	initialDomainReloadingComplete (94ms)
	LoadAllAssembliesAndSetupDomain (2608ms)
		LoadAssemblies (3135ms)
		RebuildTransferFunctionScriptingTraits (0ms)
		AnalyzeDomain (638ms)
			TypeCache.Refresh (71ms)
				TypeCache.ScanAssembly (1ms)
			BuildScriptInfoCaches (515ms)
			ResolveRequiredComponents (28ms)
	FinalizeReload (2111ms)
		ReleaseScriptCaches (0ms)
		RebuildScriptCaches (0ms)
		SetupLoadedEditorAssemblies (1644ms)
			LogAssemblyErrors (0ms)
			InitializePlatformSupportModulesInManaged (93ms)
			SetLoadedEditorAssemblies (12ms)
			BeforeProcessingInitializeOnLoad (406ms)
			ProcessInitializeOnLoadAttributes (984ms)
			ProcessInitializeOnLoadMethodAttributes (135ms)
			AfterProcessingInitializeOnLoad (14ms)
			EditorAssembliesLoaded (1ms)
		ExecutionOrderSort2 (0ms)
		AwakeInstancesAfterBackupRestoration (33ms)
Refreshing native plugins compatible for Editor in 3.50 ms, found 4 plugins.
Preloading 0 native plugins for Editor in 0.00 ms.
Unloading 14 Unused Serialized files (Serialized files now loaded: 0)
Unloading 6806 unused Assets / (4.7 MB). Loaded Objects now: 7566.
Memory consumption went from 164.5 MB to 159.9 MB.
Total: 12.600400 ms (FindLiveObjects: 1.067600 ms CreateObjectMapping: 0.548600 ms MarkObjects: 6.880100 ms  DeleteObjects: 4.098700 ms)

Prepare: number of updated asset objects reloaded= 0
========================================================================
Received Prepare
Begin MonoManager ReloadAssembly
[Licensing::Client] Successfully resolved entitlement details
- Loaded All Assemblies, in  7.312 seconds
Refreshing native plugins compatible for Editor in 7.78 ms, found 4 plugins.
Native extension for LinuxStandalone target not found
Native extension for AppleTV target not found
Native extension for iOS target not found
Native extension for Android target not found
Native extension for UWP target not found
Native extension for WindowsStandalone target not found
Failed to load: C:/Program Files/Unity/Hub/Editor/6000.2.6f2/Editor/Data/PlaybackEngines/VisionOSPlayer\x64\UnityEditor.VisionOS.Native.dll
Native extension for VisionOS target not found
Native extension for OSXStandalone target not found
Native extension for WebGL target not found
[Package Manager] Failed to launch server process. Reason: Unity was launched with the -noUpm command-line argument
[Package Manager] Unable to send message (not connected to server process).
[Package Manager] Cannot connect to Unity Package Manager local server
Mono: successfully reloaded assembly
- Finished resetting the current domain, in  1.584 seconds
Domain Reload Profiling: 8897ms
	BeginReloadAssembly (4961ms)
		ExecutionOrderSort (1ms)
		DisableScriptedObjects (1504ms)
		BackupInstance (0ms)
		ReleaseScriptingObjects (7ms)
		CreateAndSetChildDomain (1313ms)
	RebuildCommonClasses (161ms)
	RebuildNativeTypeToScriptingClass (38ms)
	initialDomainReloadingComplete (141ms)
	LoadAllAssembliesAndSetupDomain (2011ms)
		LoadAssemblies (2233ms)
		RebuildTransferFunctionScriptingTraits (0ms)
		AnalyzeDomain (539ms)
			TypeCache.Refresh (42ms)
				TypeCache.ScanAssembly (1ms)
			BuildScriptInfoCaches (453ms)
			ResolveRequiredComponents (32ms)
	FinalizeReload (1585ms)
		ReleaseScriptCaches (0ms)
		RebuildScriptCaches (0ms)
		SetupLoadedEditorAssemblies (1206ms)
			LogAssemblyErrors (0ms)
			InitializePlatformSupportModulesInManaged (72ms)
			SetLoadedEditorAssemblies (10ms)
			BeforeProcessingInitializeOnLoad (310ms)
			ProcessInitializeOnLoadAttributes (684ms)
			ProcessInitializeOnLoadMethodAttributes (115ms)
			AfterProcessingInitializeOnLoad (14ms)
			EditorAssembliesLoaded (1ms)
		ExecutionOrderSort2 (0ms)
		AwakeInstancesAfterBackupRestoration (29ms)
Refreshing native plugins compatible for Editor in 11.52 ms, found 4 plugins.
Preloading 0 native plugins for Editor in 0.00 ms.
Unloading 14 Unused Serialized files (Serialized files now loaded: 0)
Unloading 6806 unused Assets / (5.0 MB). Loaded Objects now: 7569.
Memory consumption went from 166.6 MB to 161.6 MB.
Total: 26.040100 ms (FindLiveObjects: 1.779100 ms CreateObjectMapping: 1.828300 ms MarkObjects: 17.454700 ms  DeleteObjects: 4.655400 ms)

Prepare: number of updated asset objects reloaded= 0
========================================================================
Received Prepare
Begin MonoManager ReloadAssembly
[Licensing::Client] Successfully resolved entitlement details
- Loaded All Assemblies, in  8.539 seconds
Refreshing native plugins compatible for Editor in 8.81 ms, found 4 plugins.
Native extension for LinuxStandalone target not found
Native extension for AppleTV target not found
Native extension for iOS target not found
Native extension for Android target not found
Native extension for UWP target not found
Native extension for WindowsStandalone target not found
Failed to load: C:/Program Files/Unity/Hub/Editor/6000.2.6f2/Editor/Data/PlaybackEngines/VisionOSPlayer\x64\UnityEditor.VisionOS.Native.dll
Native extension for VisionOS target not found
Native extension for OSXStandalone target not found
Native extension for WebGL target not found
[Package Manager] Failed to launch server process. Reason: Unity was launched with the -noUpm command-line argument
[Package Manager] Unable to send message (not connected to server process).
[Package Manager] Cannot connect to Unity Package Manager local server
Mono: successfully reloaded assembly
- Finished resetting the current domain, in  2.640 seconds
Domain Reload Profiling: 11209ms
	BeginReloadAssembly (4048ms)
		ExecutionOrderSort (5ms)
		DisableScriptedObjects (614ms)
		BackupInstance (0ms)
		ReleaseScriptingObjects (4ms)
		CreateAndSetChildDomain (1098ms)
	RebuildCommonClasses (186ms)
	RebuildNativeTypeToScriptingClass (35ms)
	initialDomainReloadingComplete (208ms)
	LoadAllAssembliesAndSetupDomain (4092ms)
		LoadAssemblies (4427ms)
		RebuildTransferFunctionScriptingTraits (0ms)
		AnalyzeDomain (1244ms)
			TypeCache.Refresh (114ms)
				TypeCache.ScanAssembly (1ms)
			BuildScriptInfoCaches (1000ms)
			ResolveRequiredComponents (75ms)
	FinalizeReload (2641ms)
		ReleaseScriptCaches (0ms)
		RebuildScriptCaches (0ms)
		SetupLoadedEditorAssemblies (1908ms)
			LogAssemblyErrors (0ms)
			InitializePlatformSupportModulesInManaged (92ms)
			SetLoadedEditorAssemblies (12ms)
			BeforeProcessingInitializeOnLoad (454ms)
			ProcessInitializeOnLoadAttributes (1123ms)
			ProcessInitializeOnLoadMethodAttributes (200ms)
			AfterProcessingInitializeOnLoad (24ms)
			EditorAssembliesLoaded (1ms)
		ExecutionOrderSort2 (0ms)
		AwakeInstancesAfterBackupRestoration (55ms)
Refreshing native plugins compatible for Editor in 11.31 ms, found 4 plugins.
Preloading 0 native plugins for Editor in 0.00 ms.
Unloading 14 Unused Serialized files (Serialized files now loaded: 0)
Unloading 6806 unused Assets / (5.0 MB). Loaded Objects now: 7572.
Memory consumption went from 168.6 MB to 163.7 MB.
Total: 31.243000 ms (FindLiveObjects: 1.842500 ms CreateObjectMapping: 2.243400 ms MarkObjects: 22.063600 ms  DeleteObjects: 4.739800 ms)

Prepare: number of updated asset objects reloaded= 0
========================================================================
Received Prepare
Refreshing native plugins compatible for Editor in 11.41 ms, found 4 plugins.
Preloading 0 native plugins for Editor in 0.00 ms.
Unloading 14 Unused Serialized files (Serialized files now loaded: 0)
Unloading 6795 unused Assets / (5.1 MB). Loaded Objects now: 7572.
Memory consumption went from 170.8 MB to 165.7 MB.
Total: 31.410600 ms (FindLiveObjects: 2.302000 ms CreateObjectMapping: 3.117800 ms MarkObjects: 13.102300 ms  DeleteObjects: 12.884600 ms)

Prepare: number of updated asset objects reloaded= 0
========================================================================
Received Prepare
Begin MonoManager ReloadAssembly
[Licensing::Client] Successfully resolved entitlement details
- Loaded All Assemblies, in  3.699 seconds
Refreshing native plugins compatible for Editor in 4.47 ms, found 4 plugins.
Native extension for LinuxStandalone target not found
Native extension for AppleTV target not found
Native extension for iOS target not found
Native extension for Android target not found
Native extension for UWP target not found
Native extension for WindowsStandalone target not found
Failed to load: C:/Program Files/Unity/Hub/Editor/6000.2.6f2/Editor/Data/PlaybackEngines/VisionOSPlayer\x64\UnityEditor.VisionOS.Native.dll
Native extension for VisionOS target not found
Native extension for OSXStandalone target not found
Native extension for WebGL target not found
[Package Manager] Failed to launch server process. Reason: Unity was launched with the -noUpm command-line argument
[Package Manager] Unable to send message (not connected to server process).
[Package Manager] Cannot connect to Unity Package Manager local server
Mono: successfully reloaded assembly
- Finished resetting the current domain, in  1.660 seconds
Domain Reload Profiling: 5351ms
	BeginReloadAssembly (1431ms)
		ExecutionOrderSort (0ms)
		DisableScriptedObjects (270ms)
		BackupInstance (0ms)
		ReleaseScriptingObjects (2ms)
		CreateAndSetChildDomain (410ms)
	RebuildCommonClasses (81ms)
	RebuildNativeTypeToScriptingClass (32ms)
	initialDomainReloadingComplete (87ms)
	LoadAllAssembliesAndSetupDomain (2058ms)
		LoadAssemblies (1949ms)
		RebuildTransferFunctionScriptingTraits (0ms)
		AnalyzeDomain (532ms)
			TypeCache.Refresh (39ms)
				TypeCache.ScanAssembly (1ms)
			BuildScriptInfoCaches (454ms)
			ResolveRequiredComponents (26ms)
	FinalizeReload (1661ms)
		ReleaseScriptCaches (0ms)
		RebuildScriptCaches (0ms)
		SetupLoadedEditorAssemblies (1314ms)
			LogAssemblyErrors (0ms)
			InitializePlatformSupportModulesInManaged (72ms)
			SetLoadedEditorAssemblies (8ms)
			BeforeProcessingInitializeOnLoad (346ms)
			ProcessInitializeOnLoadAttributes (745ms)
			ProcessInitializeOnLoadMethodAttributes (124ms)
			AfterProcessingInitializeOnLoad (18ms)
			EditorAssembliesLoaded (1ms)
		ExecutionOrderSort2 (0ms)
		AwakeInstancesAfterBackupRestoration (37ms)
Refreshing native plugins compatible for Editor in 5.90 ms, found 4 plugins.
Preloading 0 native plugins for Editor in 0.00 ms.
Unloading 14 Unused Serialized files (Serialized files now loaded: 0)
Unloading 6806 unused Assets / (4.3 MB). Loaded Objects now: 7575.
Memory consumption went from 172.8 MB to 168.5 MB.
Total: 13.945000 ms (FindLiveObjects: 1.227200 ms CreateObjectMapping: 0.720800 ms MarkObjects: 8.929700 ms  DeleteObjects: 3.062800 ms)

Prepare: number of updated asset objects reloaded= 0
========================================================================
Received Prepare
Begin MonoManager ReloadAssembly
[Licensing::Client] Successfully resolved entitlement details
- Loaded All Assemblies, in  7.297 seconds
Refreshing native plugins compatible for Editor in 4.68 ms, found 4 plugins.
Native extension for LinuxStandalone target not found
Native extension for AppleTV target not found
Native extension for iOS target not found
Native extension for Android target not found
Native extension for UWP target not found
Native extension for WindowsStandalone target not found
Failed to load: C:/Program Files/Unity/Hub/Editor/6000.2.6f2/Editor/Data/PlaybackEngines/VisionOSPlayer\x64\UnityEditor.VisionOS.Native.dll
Native extension for VisionOS target not found
Native extension for OSXStandalone target not found
Native extension for WebGL target not found
[Package Manager] Failed to launch server process. Reason: Unity was launched with the -noUpm command-line argument
[Package Manager] Unable to send message (not connected to server process).
[Package Manager] Cannot connect to Unity Package Manager local server
Mono: successfully reloaded assembly
- Finished resetting the current domain, in  1.844 seconds
Domain Reload Profiling: 9131ms
	BeginReloadAssembly (4490ms)
		ExecutionOrderSort (5ms)
		DisableScriptedObjects (1427ms)
		BackupInstance (0ms)
		ReleaseScriptingObjects (34ms)
		CreateAndSetChildDomain (935ms)
	RebuildCommonClasses (113ms)
	RebuildNativeTypeToScriptingClass (42ms)
	initialDomainReloadingComplete (125ms)
	LoadAllAssembliesAndSetupDomain (2515ms)
		LoadAssemblies (2271ms)
		RebuildTransferFunctionScriptingTraits (0ms)
		AnalyzeDomain (760ms)
			TypeCache.Refresh (55ms)
				TypeCache.ScanAssembly (1ms)
			BuildScriptInfoCaches (656ms)
			ResolveRequiredComponents (34ms)
	FinalizeReload (1845ms)
		ReleaseScriptCaches (0ms)
		RebuildScriptCaches (0ms)
		SetupLoadedEditorAssemblies (1462ms)
			LogAssemblyErrors (0ms)
			InitializePlatformSupportModulesInManaged (74ms)
			SetLoadedEditorAssemblies (11ms)
			BeforeProcessingInitializeOnLoad (407ms)
			ProcessInitializeOnLoadAttributes (826ms)
			ProcessInitializeOnLoadMethodAttributes (129ms)
			AfterProcessingInitializeOnLoad (15ms)
			EditorAssembliesLoaded (1ms)
		ExecutionOrderSort2 (0ms)
		AwakeInstancesAfterBackupRestoration (28ms)
Refreshing native plugins compatible for Editor in 5.13 ms, found 4 plugins.
Preloading 0 native plugins for Editor in 0.00 ms.
Unloading 14 Unused Serialized files (Serialized files now loaded: 0)
Unloading 6806 unused Assets / (4.3 MB). Loaded Objects now: 7578.
Memory consumption went from 174.9 MB to 170.6 MB.
Total: 18.585700 ms (FindLiveObjects: 0.980700 ms CreateObjectMapping: 0.731100 ms MarkObjects: 13.307400 ms  DeleteObjects: 3.252700 ms)

Prepare: number of updated asset objects reloaded= 0
========================================================================
Received Import Request.
  Time since last request: 11650.831101 seconds.
  path: Assets/Scenes/SampleScene.unity
  artifactKey: Guid(8c9cfa26abfee488c85f1582747f6a02) Importer(2089858483,192608db42251d675da83286b1cce702)
Start importing Assets/Scenes/SampleScene.unity using Guid(8c9cfa26abfee488c85f1582747f6a02) Importer(2089858483,192608db42251d675da83286b1cce702) (ScriptedImporter) -> (artifact id: '04c333348c62700e459faf6924968c73') in 0.3571631 seconds
Number of updated asset objects reloaded before import = 0Number of asset objects unloaded after import = 1

========================================================================
Received Prepare
Refreshing native plugins compatible for Editor in 8.53 ms, found 4 plugins.
Preloading 0 native plugins for Editor in 0.00 ms.
Unloading 14 Unused Serialized files (Serialized files now loaded: 0)
Unloading 6796 unused Assets / (4.5 MB). Loaded Objects now: 7579.
Memory consumption went from 152.9 MB to 148.4 MB.
Total: 20.764800 ms (FindLiveObjects: 1.227100 ms CreateObjectMapping: 1.764000 ms MarkObjects: 12.511300 ms  DeleteObjects: 5.259800 ms)

Prepare: number of updated asset objects reloaded= 0
========================================================================
Received Prepare
Begin MonoManager ReloadAssembly
[Licensing::Client] Successfully resolved entitlement details
- Loaded All Assemblies, in  2.936 seconds
Refreshing native plugins compatible for Editor in 14.09 ms, found 4 plugins.
Native extension for LinuxStandalone target not found
Native extension for AppleTV target not found
Native extension for iOS target not found
Native extension for Android target not found
Native extension for UWP target not found
Native extension for WindowsStandalone target not found
Failed to load: C:/Program Files/Unity/Hub/Editor/6000.2.6f2/Editor/Data/PlaybackEngines/VisionOSPlayer\x64\UnityEditor.VisionOS.Native.dll
Native extension for VisionOS target not found
Native extension for OSXStandalone target not found
Native extension for WebGL target not found
[Package Manager] Failed to launch server process. Reason: Unity was launched with the -noUpm command-line argument
[Package Manager] Unable to send message (not connected to server process).
[Package Manager] Cannot connect to Unity Package Manager local server
Mono: successfully reloaded assembly
- Finished resetting the current domain, in  2.383 seconds
Domain Reload Profiling: 5303ms
	BeginReloadAssembly (938ms)
		ExecutionOrderSort (0ms)
		DisableScriptedObjects (156ms)
		BackupInstance (0ms)
		ReleaseScriptingObjects (0ms)
		CreateAndSetChildDomain (187ms)
	RebuildCommonClasses (151ms)
	RebuildNativeTypeToScriptingClass (68ms)
	initialDomainReloadingComplete (98ms)
	LoadAllAssembliesAndSetupDomain (1664ms)
		LoadAssemblies (1342ms)
		RebuildTransferFunctionScriptingTraits (0ms)
		AnalyzeDomain (644ms)
			TypeCache.Refresh (25ms)
				TypeCache.ScanAssembly (0ms)
			BuildScriptInfoCaches (575ms)
			ResolveRequiredComponents (33ms)
	FinalizeReload (2384ms)
		ReleaseScriptCaches (0ms)
		RebuildScriptCaches (0ms)
		SetupLoadedEditorAssemblies (1805ms)
			LogAssemblyErrors (0ms)
			InitializePlatformSupportModulesInManaged (83ms)
			SetLoadedEditorAssemblies (15ms)
			BeforeProcessingInitializeOnLoad (416ms)
			ProcessInitializeOnLoadAttributes (1085ms)
			ProcessInitializeOnLoadMethodAttributes (184ms)
			AfterProcessingInitializeOnLoad (20ms)
			EditorAssembliesLoaded (1ms)
		ExecutionOrderSort2 (0ms)
		AwakeInstancesAfterBackupRestoration (50ms)
Refreshing native plugins compatible for Editor in 7.69 ms, found 4 plugins.
Preloading 0 native plugins for Editor in 0.00 ms.
Unloading 14 Unused Serialized files (Serialized files now loaded: 0)
Unloading 6807 unused Assets / (5.9 MB). Loaded Objects now: 7582.
Memory consumption went from 154.8 MB to 148.9 MB.
Total: 21.018400 ms (FindLiveObjects: 1.461100 ms CreateObjectMapping: 1.166900 ms MarkObjects: 10.946900 ms  DeleteObjects: 7.438600 ms)

Prepare: number of updated asset objects reloaded= 0
========================================================================
Received Prepare
Begin MonoManager ReloadAssembly
[Licensing::Client] Successfully resolved entitlement details
- Loaded All Assemblies, in  7.222 seconds
Refreshing native plugins compatible for Editor in 11.22 ms, found 4 plugins.
Native extension for LinuxStandalone target not found
Native extension for AppleTV target not found
Native extension for iOS target not found
Native extension for Android target not found
Native extension for UWP target not found
Native extension for WindowsStandalone target not found
Failed to load: C:/Program Files/Unity/Hub/Editor/6000.2.6f2/Editor/Data/PlaybackEngines/VisionOSPlayer\x64\UnityEditor.VisionOS.Native.dll
Native extension for VisionOS target not found
Native extension for OSXStandalone target not found
Native extension for WebGL target not found
[Package Manager] Failed to launch server process. Reason: Unity was launched with the -noUpm command-line argument
[Package Manager] Unable to send message (not connected to server process).
[Package Manager] Cannot connect to Unity Package Manager local server
Mono: successfully reloaded assembly
- Finished resetting the current domain, in  2.069 seconds
Domain Reload Profiling: 9304ms
	BeginReloadAssembly (1909ms)
		ExecutionOrderSort (0ms)
		DisableScriptedObjects (250ms)
		BackupInstance (0ms)
		ReleaseScriptingObjects (2ms)
		CreateAndSetChildDomain (658ms)
	RebuildCommonClasses (105ms)
	RebuildNativeTypeToScriptingClass (35ms)
	initialDomainReloadingComplete (193ms)
	LoadAllAssembliesAndSetupDomain (4991ms)
		LoadAssemblies (4326ms)
		RebuildTransferFunctionScriptingTraits (0ms)
		AnalyzeDomain (1198ms)
			TypeCache.Refresh (111ms)
				TypeCache.ScanAssembly (2ms)
			BuildScriptInfoCaches (1028ms)
			ResolveRequiredComponents (37ms)
	FinalizeReload (2071ms)
		ReleaseScriptCaches (0ms)
		RebuildScriptCaches (0ms)
		SetupLoadedEditorAssemblies (1584ms)
			LogAssemblyErrors (0ms)
			InitializePlatformSupportModulesInManaged (81ms)
			SetLoadedEditorAssemblies (11ms)
			BeforeProcessingInitializeOnLoad (360ms)
			ProcessInitializeOnLoadAttributes (972ms)
			ProcessInitializeOnLoadMethodAttributes (145ms)
			AfterProcessingInitializeOnLoad (13ms)
			EditorAssembliesLoaded (1ms)
		ExecutionOrderSort2 (0ms)
		AwakeInstancesAfterBackupRestoration (43ms)
Refreshing native plugins compatible for Editor in 6.21 ms, found 4 plugins.
Preloading 0 native plugins for Editor in 0.00 ms.
Unloading 14 Unused Serialized files (Serialized files now loaded: 0)
Unloading 6807 unused Assets / (4.8 MB). Loaded Objects now: 7585.
Memory consumption went from 156.8 MB to 152.0 MB.
Total: 19.002900 ms (FindLiveObjects: 0.917800 ms CreateObjectMapping: 0.684200 ms MarkObjects: 12.716500 ms  DeleteObjects: 4.679500 ms)

Prepare: number of updated asset objects reloaded= 0
========================================================================
Received Prepare
Refreshing native plugins compatible for Editor in 14.69 ms, found 4 plugins.
Preloading 0 native plugins for Editor in 0.00 ms.
Unloading 14 Unused Serialized files (Serialized files now loaded: 0)
Unloading 6796 unused Assets / (6.0 MB). Loaded Objects now: 7585.
Memory consumption went from 159.0 MB to 153.0 MB.
Total: 766.234500 ms (FindLiveObjects: 10.366000 ms CreateObjectMapping: 1.570700 ms MarkObjects: 742.588100 ms  DeleteObjects: 11.702400 ms)

Prepare: number of updated asset objects reloaded= 0
========================================================================
Received Prepare
Refreshing native plugins compatible for Editor in 8.81 ms, found 4 plugins.
Preloading 0 native plugins for Editor in 0.00 ms.
Unloading 14 Unused Serialized files (Serialized files now loaded: 0)
Unloading 6796 unused Assets / (8.2 MB). Loaded Objects now: 7585.
Memory consumption went from 161.0 MB to 152.8 MB.
Total: 29.749000 ms (FindLiveObjects: 2.095400 ms CreateObjectMapping: 1.752200 ms MarkObjects: 13.389000 ms  DeleteObjects: 12.508000 ms)

Prepare: number of updated asset objects reloaded= 0
========================================================================
Received Prepare
Refreshing native plugins compatible for Editor in 4.53 ms, found 4 plugins.
Preloading 0 native plugins for Editor in 0.00 ms.
Unloading 14 Unused Serialized files (Serialized files now loaded: 0)
Unloading 6796 unused Assets / (6.3 MB). Loaded Objects now: 7585.
Memory consumption went from 163.0 MB to 156.7 MB.
Total: 22.245300 ms (FindLiveObjects: 1.808200 ms CreateObjectMapping: 2.020800 ms MarkObjects: 11.257900 ms  DeleteObjects: 7.154800 ms)

Prepare: number of updated asset objects reloaded= 0
========================================================================
Received Prepare
Refreshing native plugins compatible for Editor in 9.49 ms, found 4 plugins.
Preloading 0 native plugins for Editor in 0.00 ms.
Unloading 14 Unused Serialized files (Serialized files now loaded: 0)
Unloading 6796 unused Assets / (7.1 MB). Loaded Objects now: 7585.
Memory consumption went from 165.1 MB to 158.0 MB.
Total: 28.706700 ms (FindLiveObjects: 1.496600 ms CreateObjectMapping: 1.317800 ms MarkObjects: 13.490000 ms  DeleteObjects: 12.398700 ms)

Prepare: number of updated asset objects reloaded= 0
========================================================================
Received Prepare
Refreshing native plugins compatible for Editor in 17.03 ms, found 4 plugins.
Preloading 0 native plugins for Editor in 0.00 ms.
Unloading 14 Unused Serialized files (Serialized files now loaded: 0)
Unloading 6796 unused Assets / (9.5 MB). Loaded Objects now: 7585.
Memory consumption went from 167.1 MB to 157.6 MB.
Total: 27.128500 ms (FindLiveObjects: 1.240000 ms CreateObjectMapping: 0.959300 ms MarkObjects: 12.094800 ms  DeleteObjects: 12.831500 ms)

Prepare: number of updated asset objects reloaded= 0
========================================================================
Received Prepare
Refreshing native plugins compatible for Editor in 7.32 ms, found 4 plugins.
Preloading 0 native plugins for Editor in 0.00 ms.
Unloading 14 Unused Serialized files (Serialized files now loaded: 0)
Unloading 6796 unused Assets / (7.5 MB). Loaded Objects now: 7585.
Memory consumption went from 169.1 MB to 161.6 MB.
Total: 37.491700 ms (FindLiveObjects: 2.019500 ms CreateObjectMapping: 1.984500 ms MarkObjects: 16.709400 ms  DeleteObjects: 16.772500 ms)

Prepare: number of updated asset objects reloaded= 0
========================================================================
Received Prepare
Refreshing native plugins compatible for Editor in 7.87 ms, found 4 plugins.
Preloading 0 native plugins for Editor in 0.00 ms.
Unloading 14 Unused Serialized files (Serialized files now loaded: 0)
Unloading 6796 unused Assets / (9.4 MB). Loaded Objects now: 7585.
Memory consumption went from 171.1 MB to 161.7 MB.
Total: 49.735200 ms (FindLiveObjects: 1.758500 ms CreateObjectMapping: 1.563800 ms MarkObjects: 13.455800 ms  DeleteObjects: 32.952600 ms)

Prepare: number of updated asset objects reloaded= 0
========================================================================
Received Prepare
Refreshing native plugins compatible for Editor in 8.98 ms, found 4 plugins.
Preloading 0 native plugins for Editor in 0.00 ms.
Unloading 14 Unused Serialized files (Serialized files now loaded: 0)
Unloading 6796 unused Assets / (6.5 MB). Loaded Objects now: 7585.
Memory consumption went from 173.1 MB to 166.6 MB.
Total: 23.748300 ms (FindLiveObjects: 1.219300 ms CreateObjectMapping: 1.144000 ms MarkObjects: 12.417200 ms  DeleteObjects: 8.965400 ms)

Prepare: number of updated asset objects reloaded= 0
========================================================================
Received Prepare
Refreshing native plugins compatible for Editor in 4.87 ms, found 4 plugins.
Preloading 0 native plugins for Editor in 0.00 ms.
Unloading 14 Unused Serialized files (Serialized files now loaded: 0)
Unloading 6796 unused Assets / (6.5 MB). Loaded Objects now: 7585.
Memory consumption went from 175.2 MB to 168.7 MB.
Total: 170.423800 ms (FindLiveObjects: 3.749100 ms CreateObjectMapping: 1.028700 ms MarkObjects: 157.552700 ms  DeleteObjects: 8.090600 ms)

Prepare: number of updated asset objects reloaded= 0
========================================================================
Received Prepare
Refreshing native plugins compatible for Editor in 15.21 ms, found 4 plugins.
Preloading 0 native plugins for Editor in 0.00 ms.
Unloading 14 Unused Serialized files (Serialized files now loaded: 0)
Unloading 6796 unused Assets / (8.3 MB). Loaded Objects now: 7585.
Memory consumption went from 177.2 MB to 168.9 MB.
Total: 517.986900 ms (FindLiveObjects: 12.878600 ms CreateObjectMapping: 0.701000 ms MarkObjects: 490.999600 ms  DeleteObjects: 13.073600 ms)

Prepare: number of updated asset objects reloaded= 0
========================================================================
Received Prepare
Refreshing native plugins compatible for Editor in 3.91 ms, found 4 plugins.
Preloading 0 native plugins for Editor in 0.00 ms.
Unloading 14 Unused Serialized files (Serialized files now loaded: 0)
Unloading 6796 unused Assets / (6.1 MB). Loaded Objects now: 7585.
Memory consumption went from 179.2 MB to 173.1 MB.
Total: 11.555400 ms (FindLiveObjects: 0.856000 ms CreateObjectMapping: 0.890500 ms MarkObjects: 4.984900 ms  DeleteObjects: 4.820500 ms)

Prepare: number of updated asset objects reloaded= 0
========================================================================
Received Import Request.
  Time since last request: 57484.838889 seconds.
  path: Assets/Scenes/SampleScene.unity
  artifactKey: Guid(8c9cfa26abfee488c85f1582747f6a02) Importer(2089858483,192608db42251d675da83286b1cce702)
Start importing Assets/Scenes/SampleScene.unity using Guid(8c9cfa26abfee488c85f1582747f6a02) Importer(2089858483,192608db42251d675da83286b1cce702) (ScriptedImporter) -> (artifact id: '1a0683442b67d526450e72d3fa146c75') in 0.8812916 seconds
Number of updated asset objects reloaded before import = 0Number of asset objects unloaded after import = 1

========================================================================
Received Import Request.
  Time since last request: 0.000049 seconds.
  path: Assets/Scripts/GameManagerButton.cs
  artifactKey: Guid(40d04cae6d4b62340a4d9ebb1d4d14de) Importer(2089858483,192608db42251d675da83286b1cce702)
Start importing Assets/Scripts/GameManagerButton.cs using Guid(40d04cae6d4b62340a4d9ebb1d4d14de) Importer(2089858483,192608db42251d675da83286b1cce702) (ScriptedImporter) -> (artifact id: 'ee2318ce57c901cb370675a357162e11') in 0.068163 seconds
Number of updated asset objects reloaded before import = 0Number of asset objects unloaded after import = 0

========================================================================
Received Prepare
Refreshing native plugins compatible for Editor in 8.28 ms, found 4 plugins.
Preloading 0 native plugins for Editor in 0.00 ms.
Unloading 14 Unused Serialized files (Serialized files now loaded: 0)
Unloading 6796 unused Assets / (5.2 MB). Loaded Objects now: 7585.
Memory consumption went from 153.0 MB to 147.8 MB.
Total: 202.417800 ms (FindLiveObjects: 4.872800 ms CreateObjectMapping: 1.190300 ms MarkObjects: 190.087000 ms  DeleteObjects: 6.265600 ms)

Prepare: number of updated asset objects reloaded= 0
========================================================================
Received Import Request.
  Time since last request: 1104.022457 seconds.
  path: Assets/Scripts/GameManagerButton.cs
  artifactKey: Guid(40d04cae6d4b62340a4d9ebb1d4d14de) Importer(2089858483,192608db42251d675da83286b1cce702)
Start importing Assets/Scripts/GameManagerButton.cs using Guid(40d04cae6d4b62340a4d9ebb1d4d14de) Importer(2089858483,192608db42251d675da83286b1cce702) (ScriptedImporter) -> (artifact id: 'be8da84de7a05268ba6f4c569f25ca96') in 0.0685036 seconds
Number of updated asset objects reloaded before import = 0Number of asset objects unloaded after import = 0

========================================================================
Received Prepare
Refreshing native plugins compatible for Editor in 9.99 ms, found 4 plugins.
Preloading 0 native plugins for Editor in 0.00 ms.
Unloading 14 Unused Serialized files (Serialized files now loaded: 0)
Unloading 6796 unused Assets / (7.2 MB). Loaded Objects now: 7585.
Memory consumption went from 153.0 MB to 145.8 MB.
Total: 155.647800 ms (FindLiveObjects: 1.609100 ms CreateObjectMapping: 1.915100 ms MarkObjects: 141.356600 ms  DeleteObjects: 10.762400 ms)

Prepare: number of updated asset objects reloaded= 0
========================================================================
Received Prepare
Refreshing native plugins compatible for Editor in 5.33 ms, found 4 plugins.
Preloading 0 native plugins for Editor in 0.00 ms.
Unloading 14 Unused Serialized files (Serialized files now loaded: 0)
Unloading 6796 unused Assets / (7.6 MB). Loaded Objects now: 7585.
Memory consumption went from 155.0 MB to 147.4 MB.
Total: 103.965000 ms (FindLiveObjects: 2.503300 ms CreateObjectMapping: 1.121600 ms MarkObjects: 91.056600 ms  DeleteObjects: 9.280800 ms)

Prepare: number of updated asset objects reloaded= 0
========================================================================
Received Import Request.
  Time since last request: 1285.934928 seconds.
  path: Assets/Scripts/GameManager.cs
  artifactKey: Guid(3ced7ae84c5588048b6cee54d71ecd0c) Importer(2089858483,192608db42251d675da83286b1cce702)
Start importing Assets/Scripts/GameManager.cs using Guid(3ced7ae84c5588048b6cee54d71ecd0c) Importer(2089858483,192608db42251d675da83286b1cce702) (ScriptedImporter) -> (artifact id: 'f7206fdb3e500a4230925fc0feeeff9b') in 0.1312956 seconds
Number of updated asset objects reloaded before import = 0Number of asset objects unloaded after import = 0

========================================================================
Received Prepare
Refreshing native plugins compatible for Editor in 8.51 ms, found 4 plugins.
Preloading 0 native plugins for Editor in 0.00 ms.
Unloading 14 Unused Serialized files (Serialized files now loaded: 0)
Unloading 6796 unused Assets / (6.7 MB). Loaded Objects now: 7585.
Memory consumption went from 153.0 MB to 146.3 MB.
Total: 93.559300 ms (FindLiveObjects: 2.751100 ms CreateObjectMapping: 1.400200 ms MarkObjects: 77.236000 ms  DeleteObjects: 12.168300 ms)

Prepare: number of updated asset objects reloaded= 0
========================================================================
Received Import Request.
  Time since last request: 609.237150 seconds.
  path: Assets/Scripts/UIManager.cs
  artifactKey: Guid(f773b1fd9e14d244bac388e533d45e1c) Importer(2089858483,192608db42251d675da83286b1cce702)
Start importing Assets/Scripts/UIManager.cs using Guid(f773b1fd9e14d244bac388e533d45e1c) Importer(2089858483,192608db42251d675da83286b1cce702) (ScriptedImporter) -> (artifact id: 'de3079cafd79a7404890780613eb2fef') in 0.0582806 seconds
Number of updated asset objects reloaded before import = 0Number of asset objects unloaded after import = 0

========================================================================
Received Prepare
Refreshing native plugins compatible for Editor in 3.48 ms, found 4 plugins.
Preloading 0 native plugins for Editor in 0.00 ms.
Unloading 14 Unused Serialized files (Serialized files now loaded: 0)
Unloading 6797 unused Assets / (6.0 MB). Loaded Objects now: 7586.
Memory consumption went from 153.0 MB to 147.0 MB.
Total: 80.243800 ms (FindLiveObjects: 2.541400 ms CreateObjectMapping: 2.559500 ms MarkObjects: 65.991700 ms  DeleteObjects: 9.145900 ms)

Prepare: number of updated asset objects reloaded= 0
========================================================================
Received Import Request.
  Time since last request: 314.968710 seconds.
  path: Assets/Scripts/GameManagerButton1.cs
  artifactKey: Guid(935cef6554049f74fbbeb0d57d8d0636) Importer(2089858483,192608db42251d675da83286b1cce702)
Start importing Assets/Scripts/GameManagerButton1.cs using Guid(935cef6554049f74fbbeb0d57d8d0636) Importer(2089858483,192608db42251d675da83286b1cce702) (ScriptedImporter) -> (artifact id: '439979d62adc8bb84bed2478ee75e31d') in 0.0434616 seconds
Number of updated asset objects reloaded before import = 0Number of asset objects unloaded after import = 0

========================================================================
Received Prepare
Refreshing native plugins compatible for Editor in 3.01 ms, found 4 plugins.
Preloading 0 native plugins for Editor in 0.00 ms.
Unloading 14 Unused Serialized files (Serialized files now loaded: 0)
Unloading 6796 unused Assets / (8.0 MB). Loaded Objects now: 7585.
Memory consumption went from 153.0 MB to 145.0 MB.
Total: 17.858200 ms (FindLiveObjects: 1.561600 ms CreateObjectMapping: 1.287600 ms MarkObjects: 7.040300 ms  DeleteObjects: 7.965800 ms)

Prepare: number of updated asset objects reloaded= 0
========================================================================
Received Prepare
Refreshing native plugins compatible for Editor in 6.10 ms, found 4 plugins.
Preloading 0 native plugins for Editor in 0.00 ms.
Unloading 14 Unused Serialized files (Serialized files now loaded: 0)
Unloading 6796 unused Assets / (7.7 MB). Loaded Objects now: 7585.
Memory consumption went from 155.0 MB to 147.3 MB.
Total: 86.807700 ms (FindLiveObjects: 1.772000 ms CreateObjectMapping: 1.193000 ms MarkObjects: 73.467100 ms  DeleteObjects: 10.370200 ms)

Prepare: number of updated asset objects reloaded= 0
========================================================================
Received Import Request.
  Time since last request: 1130.896155 seconds.
  path: Assets/Scripts/TitleScreenButton.cs
  artifactKey: Guid(9614cb691d0104e44a8c659aa7ac63bc) Importer(815301076,1909f56bfc062723c751e8b465ee728b)
Start importing Assets/Scripts/TitleScreenButton.cs using Guid(9614cb691d0104e44a8c659aa7ac63bc) Importer(815301076,1909f56bfc062723c751e8b465ee728b) (PreviewImporter) -> (artifact id: '59d45f429a211f6a16abce9a8dce00b1') in 0.0094409 seconds
Number of updated asset objects reloaded before import = 0Number of asset objects unloaded after import = 0

========================================================================
Received Prepare
Refreshing native plugins compatible for Editor in 6.20 ms, found 4 plugins.
Preloading 0 native plugins for Editor in 0.00 ms.
Unloading 14 Unused Serialized files (Serialized files now loaded: 0)
Unloading 6796 unused Assets / (4.6 MB). Loaded Objects now: 7585.
Memory consumption went from 153.0 MB to 148.5 MB.
Total: 22.720200 ms (FindLiveObjects: 1.793800 ms CreateObjectMapping: 2.050100 ms MarkObjects: 11.876400 ms  DeleteObjects: 6.996600 ms)

Prepare: number of updated asset objects reloaded= 0
========================================================================
Received Import Request.
  Time since last request: 41.254977 seconds.
  path: Assets/Scripts/TitleScreenButton.cs
  artifactKey: Guid(9614cb691d0104e44a8c659aa7ac63bc) Importer(815301076,1909f56bfc062723c751e8b465ee728b)
Start importing Assets/Scripts/TitleScreenButton.cs using Guid(9614cb691d0104e44a8c659aa7ac63bc) Importer(815301076,1909f56bfc062723c751e8b465ee728b) (PreviewImporter) -> (artifact id: '0c4eee344bae4f89a9893c8fef5b9b2e') in 0.0034433 seconds
Number of updated asset objects reloaded before import = 0Number of asset objects unloaded after import = 0

========================================================================
Received Prepare
Refreshing native plugins compatible for Editor in 5.68 ms, found 4 plugins.
Preloading 0 native plugins for Editor in 0.00 ms.
Unloading 14 Unused Serialized files (Serialized files now loaded: 0)
Unloading 6796 unused Assets / (7.9 MB). Loaded Objects now: 7585.
Memory consumption went from 153.0 MB to 145.1 MB.
Total: 153.956400 ms (FindLiveObjects: 1.293900 ms CreateObjectMapping: 1.309700 ms MarkObjects: 141.140900 ms  DeleteObjects: 10.206200 ms)

Prepare: number of updated asset objects reloaded= 0
========================================================================
Received Prepare
Refreshing native plugins compatible for Editor in 6.13 ms, found 4 plugins.
Preloading 0 native plugins for Editor in 0.00 ms.
Unloading 14 Unused Serialized files (Serialized files now loaded: 0)
Unloading 6796 unused Assets / (8.2 MB). Loaded Objects now: 7585.
Memory consumption went from 155.1 MB to 146.8 MB.
Total: 20.715000 ms (FindLiveObjects: 1.410200 ms CreateObjectMapping: 1.266000 ms MarkObjects: 9.976500 ms  DeleteObjects: 8.060000 ms)

Prepare: number of updated asset objects reloaded= 0
========================================================================
Received Prepare
Refreshing native plugins compatible for Editor in 6.08 ms, found 4 plugins.
Preloading 0 native plugins for Editor in 0.00 ms.
Unloading 14 Unused Serialized files (Serialized files now loaded: 0)
Unloading 6796 unused Assets / (6.7 MB). Loaded Objects now: 7585.
Memory consumption went from 157.1 MB to 150.4 MB.
Total: 22.226500 ms (FindLiveObjects: 1.455600 ms CreateObjectMapping: 1.283000 ms MarkObjects: 10.324500 ms  DeleteObjects: 9.161000 ms)

Prepare: number of updated asset objects reloaded= 0
========================================================================
Received Prepare
Refreshing native plugins compatible for Editor in 5.36 ms, found 4 plugins.
Preloading 0 native plugins for Editor in 0.00 ms.
Unloading 14 Unused Serialized files (Serialized files now loaded: 0)
Unloading 6796 unused Assets / (6.7 MB). Loaded Objects now: 7585.
Memory consumption went from 159.1 MB to 152.4 MB.
Total: 142.323300 ms (FindLiveObjects: 1.423400 ms CreateObjectMapping: 0.812600 ms MarkObjects: 129.078200 ms  DeleteObjects: 11.005800 ms)

Prepare: number of updated asset objects reloaded= 0
========================================================================
Received Import Request.
  Time since last request: 4095.775690 seconds.
  path: Assets/Scripts/PlayerController.cs
  artifactKey: Guid(411cea69a808b3b43b0fc3cccec095ca) Importer(2089858483,192608db42251d675da83286b1cce702)
Start importing Assets/Scripts/PlayerController.cs using Guid(411cea69a808b3b43b0fc3cccec095ca) Importer(2089858483,192608db42251d675da83286b1cce702) (ScriptedImporter) -> (artifact id: '9c36a95fa96ef28927ba6535ec641ae3') in 0.0970528 seconds
Number of updated asset objects reloaded before import = 0Number of asset objects unloaded after import = 0

========================================================================
Received Prepare
Refreshing native plugins compatible for Editor in 10.22 ms, found 4 plugins.
Preloading 0 native plugins for Editor in 0.00 ms.
Unloading 14 Unused Serialized files (Serialized files now loaded: 0)
Unloading 6796 unused Assets / (4.4 MB). Loaded Objects now: 7585.
Memory consumption went from 153.0 MB to 148.7 MB.
Total: 94.238900 ms (FindLiveObjects: 3.008800 ms CreateObjectMapping: 0.730300 ms MarkObjects: 83.918500 ms  DeleteObjects: 6.575600 ms)

Prepare: number of updated asset objects reloaded= 0
========================================================================
Received Import Request.
  Time since last request: 1191.943816 seconds.
  path: Assets/Scripts/BackgroundManager.cs
  artifactKey: Guid(16c09eb83c7d37d42bc2efe50bf9832e) Importer(2089858483,192608db42251d675da83286b1cce702)
Start importing Assets/Scripts/BackgroundManager.cs using Guid(16c09eb83c7d37d42bc2efe50bf9832e) Importer(2089858483,192608db42251d675da83286b1cce702) (ScriptedImporter) -> (artifact id: '2a99b173aa6ff1aa4c54258ae0c25ce7') in 0.0839339 seconds
Number of updated asset objects reloaded before import = 0Number of asset objects unloaded after import = 0

